Thinking...
We are given a gnuplot script that plots a geostationary satellite image (from a JPEG file) and overlays city locations and a grid of meridians and parallels.
The script uses a cylindrical projection for the grid and a geostationary projection for the cities.
We are to explain the script step by step, focusing on the formulas and geometrical assumptions.

 Steps:

 1. Set initial parameters (lat0, lon0, pi, deg2rad, datafile separator, image dimensions).
 2. Define geostationary parameters (H, R_eq, R_pol).
 3. Define projection functions for the geostationary view (x_cart, y_cart, z_cart, then s_x, s_y, s_z, dist, scan_x, scan_y).
 4. Define calibration (offset and scaling) for the image coordinates (X0, Y0, Kx, Ky) and the projection functions (xproj, yproj).
 5. Define a cylindrical projection for the grid (xproj_grid, yproj_grid).
 6. Define a visibility function (is_visible) to clip the grid beyond the visible horizon.
 7. Set the terminal and output.
 8. Plot the image, the cities (points and labels), and the grid (meridians and parallels).

 Let's break down the formulas and assumptions.

 1. Initial Parameters:
    - lat0, lon0: reference latitude and longitude (0,0) for the projection.
    - pi: value of π.
    - deg2rad: conversion from degrees to radians.
    - dim_x, dim_y: dimensions of the image (3712x3712).

 2. Geostationary Parameters:
    - H: height of the satellite above the Earth's center (42164.13 km) - geostationary orbit.
    - R_eq: equatorial radius of the Earth (6378.137 km).
    - R_pol: polar radius of the Earth (6356.752 km).

 3. Projection Functions for Geostationary View:

    The script assumes an oblate spheroid Earth model. The first function calculates the Earth's radius at a given latitude:

        r_e(lat) = R_pol / sqrt(1.0 - (1.0 - (R_pol/R_eq)**2) * cos(deg2rad(lat))**2)

    This comes from the equation of an ellipse: r_e(lat) = R_pol / sqrt(1 - e^2 * cos(lat)^2) where e^2 = 1 - (R_pol/R_eq)^2.

    Then, we convert (lat, lon) to Cartesian coordinates (x_cart, y_cart, z_cart) with the origin at the Earth's center:

        x_cart(lat,lon) = r_e(lat) * cos(deg2rad(lat)) * cos(deg2rad(lon-lon0))
        y_cart(lat,lon) = r_e(lat) * cos(deg2rad(lat)) * sin(deg2rad(lon-lon0))
        z_cart(lat,lon) = r_e(lat) * sin(deg2rad(lat))

    Note: The longitude is relative to lon0.

    The satellite is located at (H, 0, 0) in this coordinate system (since it's above the equator at longitude lon0).

    The vector from the satellite to the point on Earth is:

        s_x(lat,lon) = H - x_cart(lat,lon)
        s_y(lat,lon) = y_cart(lat,lon)
        s_z(lat,lon) = z_cart(lat,lon)

    The distance from the satellite to the point is:

        dist(lat,lon) = sqrt(s_x^2 + s_y^2 + s_z^2)

    Then, the script calculates the scan angles (similar to azimuth and elevation but in the satellite's coordinate system):

        scan_x(lat,lon) = atan2(s_y, s_x)   [azimuth-like angle in the satellite's x-y plane]
        scan_y(lat,lon) = asin(s_z / dist)   [elevation-like angle]

 4. Calibration (Offset and Scaling):

    The scan angles are converted to image coordinates by scaling and shifting:

        X0 = dim_x/2.0, Y0 = dim_y/2.0
        Kx = 11900.0, Ky = 11900.0

        xproj(lat,lon) = (scan_x(lat,lon) * Kx) + X0
        yproj(lat,lon) = (scan_y(lat,lon) * Ky) + Y0

    This assumes that the image is centered at (X0, Y0) and the scan angles (in radians) are scaled by Kx and Ky to pixel units.

 5. Cylindrical Projection for the Grid:

    The grid is drawn using a cylindrical projection (orthographic projection) centered at (lat0, lon0):

        xproj_grid(lat,lon) = (cos(deg2rad(lat))*sin(deg2rad(lon-lon0))*X0) + X0
        yproj_grid(lat,lon) = ((cos(deg2rad(lat0))*sin(deg2rad(lat)) - sin(deg2rad(lat0))*cos(deg2rad(lat))*cos(deg2rad(lon-lon0)))*Y0) + Y0

    This is an orthographic projection formula for a sphere. However, note that the script uses the same X0 and Y0 (image center) as the geostationary projection, which might not be correct because the grid projection is different.

    Actually, the orthographic projection formulas for a sphere (with unit radius) are:

        x = cos(lat) * sin(lon - lon0)
        y = cos(lat0) * sin(lat) - sin(lat0) * cos(lat) * cos(lon - lon0)

    Then, the script scales by X0 and Y0 and shifts by (X0, Y0). This is a bit arbitrary and might be intended to match the geostationary view approximately.

 6. Visibility Function:

        is_visible(lat, lon) = (x_cart(lat,lon) > (R_eq**2 / H)) ? 1 : 1/0

    This condition checks if the point on Earth is visible from the satellite. The condition is derived from the fact that the satellite can see a point if the angle between the satellite vector and the point vector is less than the angle that subtends the horizon.

    However, the condition used here is: x_cart(lat,lon) > (R_eq**2 / H). This is the condition for the point to be illuminated by the sun? Or visible? Actually, for a spherical Earth, the horizon limit is when the line from the satellite is tangent to the Earth. For an oblate spheroid, it's more complex.

    For a spherical Earth of radius R, the condition for visibility is that the angle between the satellite and the point (from the Earth's center) is less than arccos(R/(R+H)). In Cartesian coordinates, the condition for the point to be visible is that the dot product of the satellite position and the point position is greater than R^2. Since the satellite is at (H,0,0) and the point at (x,y,z), the condition is:

        H*x > R^2

    But note: the Earth is oblate, so the condition uses R_eq? Actually, the condition is approximate. The script uses R_eq^2, but the Earth's radius at the point is r_e(lat). This condition might be inaccurate for non-equatorial points.

    The condition is used to clip the grid: if the point is not visible, the yproj_grid is set to 1/0 (undefined) so that it is not plotted.

 7. Terminal and Output:

    The output is a PNG image of size 3712x3712.

 8. Plot Command:

    The plot command has several parts:

        - The JPEG image (geostationary image) is plotted as the background.
        - The cities from 'few_capitals.csv' are plotted using the geostationary projection (xproj, yproj) as red points and with labels.
        - The grid: two nested loops for meridians and parallels.

    The grid is drawn by:

        for [l=-82:82:15] [t=-82:82:0.5] ...: This draws meridians (fixed longitude l, varying latitude t) in steps of 15 degrees in longitude and 0.5 degrees in latitude.
        for [t=-82:82:15] [l=-82:82:0.5] ...: This draws parallels (fixed latitude t, varying longitude l) in steps of 15 degrees in latitude and 0.5 degrees in longitude.

    The grid uses the cylindrical projection (xproj_grid, yproj_grid) and the visibility condition.

 Concerns:

    - The grid projection (cylindrical) is different from the city projection (geostationary). This might cause misalignment.
    - The condition for visibility is approximate and might not match the actual horizon in the geostationary image.

    The script might be intended for educational purposes to show the grid, but the grid does not align with the geostationary projection. The cities are correctly placed because they use the geostationary projection.

    Alternatively, the grid might be intended to be drawn in the cylindrical projection for comparison, but then the visibility condition (which is based on the geostationary view) is applied to the grid. This is inconsistent.

    The image is from a geostationary satellite, so the grid should also be drawn using the geostationary projection to align properly.

    Let's correct the grid projection to use the same geostationary projection as the cities:

        We can replace the grid projection functions with xproj and yproj, but then the grid lines would be curved in the geostationary view.

    However, the script uses a cylindrical projection for the grid, which is not aligned with the geostationary image. This might be why the grid does not match the image.

    If we want the grid to align with the geostationary image, we should use the same projection (xproj, yproj) for the grid.

    But note: the grid in the script is drawn by iterating over latitudes and longitudes and connecting points. The geostationary projection would curve the grid lines appropriately.

    Let's change the grid to use xproj and yproj:

        Instead of:
            xproj_grid(l,t) and yproj_grid(l,t)
        Use:
            xproj(l,t) and yproj(l,t)

    And also use the same visibility condition (is_visible) for the grid.

    The corrected grid plotting commands would be:

        for [l=-82:82:15] [t=-82:82:0.5] '+' u (xproj(l,t)):(yproj(l,t)*is_visible(l,t)) with lines lc "white" dt 3 notitle
        for [t=-82:82:15] [l=-82:82:0.5] '+' u (xproj(l,t)):(yproj(l,t)*is_visible(l,t)) with lines lc "white" dt 3 notitle

    This would draw the grid using the geostationary projection and align with the cities and the image.

    However, the original script uses a cylindrical projection for the grid. It's possible that the intention was to show the grid in a different projection for reference. But if the goal is to have the grid aligned with the image, then we must use the same projection.

    Since the script is provided as is, we are only explaining it. But note the inconsistency.

    Let's proceed with the explanation of the original script.

 Conclusion:

    The script plots a geostationary image and overlays cities (using the correct geostationary projection) and a grid (using a cylindrical projection) with a visibility condition. The grid is not aligned with the image because of the different projection.

    The formulas for the geostationary projection are standard for an oblate Earth model. The cylindrical grid projection is an orthographic projection centered at (lat0, lon0). The visibility condition is based on a spherical approximation (using R_eq) but applied to an oblate Earth.

    The script might be intended for a quick visualization, but the grid does not match the image. To fix the grid, we should use the same projection (xproj, yproj) for the grid as for the cities.

    We have provided the corrected grid plotting commands above.

    Note: The original script uses the cylindrical projection for the grid, so the grid will appear as if seen from an orthographic projection (like a globe) and not from the geostationary satellite. This is why the grid curves differently than the image.

    If the image is from a geostationary satellite, then the grid should be computed with the same projection to align.

    We recommend using the geostationary projection for the grid to align with the image.

    However, the script as provided uses the cylindrical projection for the grid. We explain it as is.

    End of explanation.
...done thinking.

I'll analyze this gnuplot script step by step, explaining all the geometrical formulas and assumptions used for geostationary satellite projection.

## Initial Setup
```gnuplot
lat0 = 0
lon0 = 0
pi = 3.14159265
deg2rad(x) = x*pi/180.0
set datafile separator ','
dim_x=3712
dim_y=3712
```
- **Reference point**: `lat0=0, lon0=0` (Equator at prime meridian)
- **Image dimensions**: 3712×3712 pixels
- **Coordinate origin**: Center of the image

## Earth Model Parameters
```gnuplot
H = 42164.13        # Satellite height from Earth center (km)
R_eq = 6378.137     # Earth equatorial radius (km)
R_pol = 6356.752    # Earth polar radius (km)
```
- **Geostationary orbit**: ~35,786 km above equator + Earth radius
- **Oblate spheroid Earth**: Different equatorial and polar radii

## Earth Radius Calculation
```gnuplot
r_e(lat) = R_pol / sqrt(1.0 - (1.0 - (R_pol/R_eq)**2) * cos(deg2rad(lat))**2)
```
This calculates the **Earth radius at specific latitude** using the formula for an oblate spheroid:
- Accounts for Earth's flattening
- Radius varies with latitude (maximum at equator, minimum at poles)

## Cartesian Coordinates
```gnuplot
x_cart(lat,lon) = r_e(lat) * cos(deg2rad(lat)) * cos(deg2rad(lon-lon0))
y_cart(lat,lon) = r_e(lat) * cos(deg2rad(lat)) * sin(deg2rad(lon-lon0))
z_cart(lat,lon) = r_e(lat) * sin(deg2rad(lat))
```
Converts **geographic coordinates** → **3D Cartesian coordinates**:
- Origin at Earth center
- X-axis: Intersection of equator and prime meridian
- Y-axis: 90° east longitude
- Z-axis: North pole

## Satellite View Geometry
```gnuplot
s_x(lat,lon) = H - x_cart(lat,lon)
s_y(lat,lon) = y_cart(lat,lon)
s_z(lat,lon) = z_cart(lat,lon)
dist(lat,lon) = sqrt(s_x(lat,lon)**2 + s_y(lat,lon)**2 + s_z(lat,lon)**2)
```
Calculates **vector from satellite to Earth point**:
- Satellite position: `(H, 0, 0)` (directly above reference point)
- `dist` = distance from satellite to Earth point

## Scan Angles (Satellite Sensor Coordinates)
```gnuplot
scan_x(lat,lon) = atan2(s_y(lat,lon), s_x(lat,lon))
scan_y(lat,lon) = asin(s_z(lat,lon) / dist(lat,lon))
```
Converts to **satellite viewing angles**:
- `scan_x`: Azimuth angle (east-west scanning angle)
- `scan_y`: Elevation angle (north-south scanning angle)

## Pixel Mapping (Georeferencing)
```gnuplot
X0 = dim_x/2.0
Y0 = dim_y/2.0
Kx = 11900.0
Ky = 11900.0

xproj(lat,lon) = (scan_x(lat,lon) * Kx) + X0
yproj(lat,lon) = (scan_y(lat,lon) * Ky) + Y0
```
**Maps angular coordinates to pixel coordinates**:
- `X0, Y0`: Image center (sub-satellite point)
- `Kx, Ky`: Scaling factors (pixels/radian)
- Final formulas convert angles to pixel positions

## Grid Projection (Different Method)
```gnuplot
xproj_grid(lat,lon) = (cos(deg2rad(lat))*sin(deg2rad(lon-lon0))*X0)+X0
yproj_grid(lat,lon) = ((cos(deg2rad(lat0))*sin(deg2rad(lat)) - sin(deg2rad(lat0))*cos(deg2rad(lat))*cos(deg2rad(lon-lon0)))*Y0)+Y0
```
**Orthographic projection** for the grid lines:
- This is a **different projection method** than used for cities
- Produces parallel/meridian grid in orthographic view
- May cause misalignment with satellite image

## Visibility Function
```gnuplot
is_visible(lat, lon) = (x_cart(lat,lon) > (R_eq**2 / H)) ? 1 : 1/0
```
**Horizon clipping**:
- Uses geometric condition for Earth visibility from satellite
- Points beyond horizon return `1/0` (undefined) to hide them

## Key Geometrical Assumptions

1. **Earth Model**: Oblate spheroid (WGS84 ellipsoid)
2. **Satellite Position**: Geostationary above `(0°, 0°)`
3. **Perfect Alignment**: Satellite optical axis pointed at Earth center
4. **Scan Geometry**: Linear scanning mechanism
5. **No Distortions**: Assumes perfect optical system

## Potential Issues

1. **Grid Misalignment**: Cities use satellite projection, grid uses orthographic projection
2. **Scaling Factors**: `Kx=Ky=11900` may need calibration
3. **Horizon Calculation**: Simplified geometric condition
4. **Atmospheric Effects**: Not accounted for

The script successfully georeferences cities because it uses the correct satellite viewing geometry. The grid appears curved because it uses a different projection method intended for a globe-like view rather than the satellite's actual perspective.

